0 info it worked if it ends with ok
1 verbose cli [ '/usr/bin/nodejs', '/usr/bin/npm', 'start' ]
2 info using npm@3.10.9
3 info using node@v5.12.0
4 verbose run-script [ 'prestart', 'start', 'poststart' ]
5 info lifecycle learn-about-me@~prestart: learn-about-me@
6 silly lifecycle learn-about-me@~prestart: no script for prestart, continuing
7 info lifecycle learn-about-me@~start: learn-about-me@
8 verbose lifecycle learn-about-me@~start: unsafe-perm in lifecycle true
9 verbose lifecycle learn-about-me@~start: PATH: /usr/lib/node_modules/npm/bin/node-gyp-bin:/home/pvasireddy/Desktop/repos/hahn-lam/node_modules/.bin:/home/pvasireddy/.rvm/gems/ruby-2.3.0/bin:/home/pvasireddy/.rvm/gems/ruby-2.3.0@global/bin:/home/pvasireddy/.rvm/rubies/ruby-2.3.0/bin:/usr/local:/usr/local/bin:/usr/local/sbin:/usr/bin:/home/pvasireddy/bin:/home/pvasireddy/.local/bin:/usr/local/sbin:/usr/local/bin:/usr/sbin:/usr/bin:/sbin:/bin:/usr/games:/usr/local/games:/snap/bin:/home/pvasireddy/.rvm/bin:/snap/bin
10 verbose lifecycle learn-about-me@~start: CWD: /home/pvasireddy/Desktop/repos/hahn-lam
11 silly lifecycle learn-about-me@~start: Args: [ '-c', 'node app' ]
12 silly lifecycle learn-about-me@~start: Returned: code: 1  signal: null
13 info lifecycle learn-about-me@~start: Failed to exec start script
14 verbose stack Error: learn-about-me@ start: `node app`
14 verbose stack Exit status 1
14 verbose stack     at EventEmitter.<anonymous> (/usr/lib/node_modules/npm/lib/utils/lifecycle.js:255:16)
14 verbose stack     at emitTwo (events.js:100:13)
14 verbose stack     at EventEmitter.emit (events.js:185:7)
14 verbose stack     at ChildProcess.<anonymous> (/usr/lib/node_modules/npm/lib/utils/spawn.js:40:14)
14 verbose stack     at emitTwo (events.js:100:13)
14 verbose stack     at ChildProcess.emit (events.js:185:7)
14 verbose stack     at maybeClose (internal/child_process.js:850:16)
14 verbose stack     at Process.ChildProcess._handle.onexit (internal/child_process.js:215:5)
15 verbose pkgid learn-about-me@
16 verbose cwd /home/pvasireddy/Desktop/repos/hahn-lam
17 error Linux 4.4.0-45-generic
18 error argv "/usr/bin/nodejs" "/usr/bin/npm" "start"
19 error node v5.12.0
20 error npm  v3.10.9
21 error code ELIFECYCLE
22 error learn-about-me@ start: `node app`
22 error Exit status 1
23 error Failed at the learn-about-me@ start script 'node app'.
23 error Make sure you have the latest version of node.js and npm installed.
23 error If you do, this is most likely a problem with the learn-about-me package,
23 error not with npm itself.
23 error Tell the author that this fails on your system:
23 error     node app
23 error You can get information on how to open an issue for this project with:
23 error     npm bugs learn-about-me
23 error Or if that isn't available, you can get their info via:
23 error     npm owner ls learn-about-me
23 error There is likely additional logging output above.
24 verbose exit [ 1, true ]
